<?xml version="1.0" encoding="UTF-8"?>
<!-- Generated by org.testng.reporters.JUnitReportReporter -->
<testsuite hostname="DESKTOP-VN1V6RC" failures="0" tests="1" name="antJenkinRevisionPackage.antJenRevisionClass" time="34.879" errors="0" timestamp="2 Apr 2020 05:00:34 GMT">
  <testcase classname="antJenkinRevisionPackage.antJenRevisionClass" name="test" time="34.879"/>
</testsuite> <!-- antJenkinRevisionPackage.antJenRevisionClass -->
